Running: D:\Xilinx\14.7\ISE_DS\ISE\bin\nt64\unwrapped\fuse.exe -intstyle ise -incremental -o D:/Xilinx/projects/display_driver/test_isim_beh.exe -prj D:/Xilinx/projects/display_driver/test_beh.prj work.test 
ISim P.20131013 (signature 0x7708f090)
Number of CPUs detected in this system: 4
Turning on mult-threading, number of parallel sub-compilation jobs: 8 
Determining compilation order of HDL files
Parsing VHDL file "D:/Xilinx/projects/display_driver/hex_to_7seg.vhd" into library work
Parsing VHDL file "D:/Xilinx/projects/display_driver/clock_enable.vhd" into library work
Parsing VHDL file "D:/Xilinx/projects/display_driver/top.vhd" into library work
Parsing VHDL file "D:/Xilinx/projects/display_driver/test.vhd" into library work
Starting static elaboration
Completed static elaboration
Compiling package standard
Compiling package std_logic_1164
Compiling package std_logic_arith
Compiling package std_logic_unsigned
Compiling architecture behavioral of entity clock_enable [\clock_enable(('0','0','0','0','...]
Compiling architecture behavioral of entity hex_to_7seg [hex_to_7seg_default]
Compiling architecture behavioral of entity driver_7seg [driver_7seg_default]
Compiling architecture behavior of entity test
Time Resolution for simulation is 1ps.
Waiting for 1 sub-compilation(s) to finish...
Compiled 11 VHDL Units
Built simulation executable D:/Xilinx/projects/display_driver/test_isim_beh.exe
Fuse Memory Usage: 34400 KB
Fuse CPU Usage: 608 ms
