 
cpldfit:  version P.20131013                        Xilinx Inc.
                                  Fitter Report
Design Name: ALU                                 Date:  4-30-2020,  2:36AM
Device Used: XC2C256-6-TQ144
Fitting Status: Successful

*************************  Mapped Resource Summary  **************************

Macrocells     Product Terms    Function Block   Registers      Pins           
Used/Tot       Used/Tot         Inps Used/Tot    Used/Tot       Used/Tot       
25 /256 ( 10%) 121 /896  ( 13%) 51  /640  (  8%) 10 /256 (  4%) 32 /118 ( 27%)

** Function Block Resources **

Function Mcells   FB Inps  Pterms   IO       CTC      CTR      CTS      CTE     
Block    Used/Tot Used/Tot Used/Tot Used/Tot Used/Tot Used/Tot Used/Tot Used/Tot
FB1      10/16     20/40    56/56*    5/ 6    0/1      0/1      0/1      0/1
FB2      12/16     23/40    56/56*    7/ 8    0/1      0/1      0/1      0/1
FB3       3/16      8/40     9/56     1/ 6    0/1      0/1      0/1      0/1
FB4       0/16      0/40     0/56     0/ 8    0/1      0/1      0/1      0/1
FB5       0/16      0/40     0/56     0/ 5    0/1      0/1      0/1      0/1
FB6       0/16      0/40     0/56     0/ 8    0/1      0/1      0/1      0/1
FB7       0/16      0/40     0/56     0/ 8    0/1      0/1      0/1      0/1
FB8       0/16      0/40     0/56     0/ 8    0/1      0/1      0/1      0/1
FB9       0/16      0/40     0/56     0/ 8    0/1      0/1      0/1      0/1
FB10      0/16      0/40     0/56     0/ 9    0/1      0/1      0/1      0/1
FB11      0/16      0/40     0/56     0/ 8    0/1      0/1      0/1      0/1
FB12      0/16      0/40     0/56     0/ 6    0/1      0/1      0/1      0/1
FB13      0/16      0/40     0/56     0/ 8    0/1      0/1      0/1      0/1
FB14      0/16      0/40     0/56     0/ 8    0/1      0/1      0/1      0/1
FB15      0/16      0/40     0/56     0/ 7    0/1      0/1      0/1      0/1
FB16      0/16      0/40     0/56     0/ 7    0/1      0/1      0/1      0/1
         -----    -------  -------   -----    ---      ---      ---      ---
Total    25/256    51/640  121/896   13/118   0/16     0/16     0/16     0/16

CTC - Control Term Clock
CTR - Control Term Reset
CTS - Control Term Set
CTE - Control Term Output Enable

* - Resource is exhausted

** Global Control Resources **

GCK         GSR         GTS         DGE         
Used/Tot    Used/Tot    Used/Tot    Used/Tot    
1/3         0/1         0/4         0/1

Signal 'clk_i' mapped onto global clock net GCK1.

** Pin Resources **

Signal Type    Required     Mapped  |  Pin Type            Used    Total 
------------------------------------|------------------------------------
Input         :   18          18    |  I/O              :    25    108
Output        :   13          13    |  GCK/IO           :     2      3
Bidirectional :    0           0    |  GTS/IO           :     4      4
GCK           :    1           1    |  GSR/IO           :     1      1
GTS           :    0           0    |  CDR/IO           :     0      1
GSR           :    0           0    |  DGE/IO           :     0      1
                 ----        ----
        Total     32          32

End of Mapped Resource Summary
**************************  Errors and Warnings  ***************************

WARNING:Cpld - Unable to retrieve the path to the iSE Project Repository. Will
   use the default filename of 'ALU.ise'.
*************************  Summary of Mapped Logic  ************************

** 13 Outputs **

Signal                  Total Total Bank Loc     Pin   Pin       Pin     I/O      I/O       Slew Reg     Reg Init
Name                    Pts   Inps               No.   Type      Use     STD      Style     Rate Use     State
S_number_o<3>           13    9     2    FB1_3   143   GSR/I/O   O       LVCMOS18           FAST DFF     RESET
S_number_o<2>           5     6     2    FB1_4   142   I/O       O       LVCMOS18           FAST DFF     RESET
S_number_o<0>           4     6     2    FB1_6   140   I/O       O       LVCMOS18           FAST DFF     RESET
S_number_o<1>           10    9     2    FB1_12  139   I/O       O       LVCMOS18           FAST DFF     RESET
S_number_o<4>           5     6     2    FB1_13  138   I/O       O       LVCMOS18           FAST DFF     RESET
S_number_o<5>           13    9     2    FB2_1   2     GTS/I/O   O       LVCMOS18           FAST DFF     RESET
S_number_o<6>           6     7     2    FB2_3   3     GTS/I/O   O       LVCMOS18           FAST DFF     RESET
S_number_o<7>           8     8     2    FB2_4   4     I/O       O       LVCMOS18           FAST DFF     RESET
status_o<2>             8     8     2    FB2_5   5     GTS/I/O   O       LVCMOS18           FAST DFF     RESET
status_o<0>             7     7     2    FB2_12  6     GTS/I/O   O       LVCMOS18           FAST         
status_o<3>             2     3     2    FB2_13  7     I/O       O       LVCMOS18           FAST         
status_o<4>             3     3     2    FB2_14  9     I/O       O       LVCMOS18           FAST         
status_o<1>             1     8     2    FB3_1   136   I/O       O       LVCMOS18           FAST         

** 12 Buried Nodes **

Signal                  Total Total Loc     Reg     Reg Init
Name                    Pts   Inps          Use     State
N_PZ_104                1     2     FB1_9           
N_PZ_114                1     2     FB1_10          
control_s               2     3     FB1_11  DFF     RESET
F_ADDER_1/carry_4to5_s  9     6     FB1_15          
F_ADDER_1/carry_2to3_s  6     6     FB1_16          
N_PZ_49                 2     2     FB2_8           
N_PZ_50                 2     2     FB2_9           
N_PZ_103                2     2     FB2_10          
N_PZ_150                1     2     FB2_11          
F_ADDER_1/carry_6to7_s  9     6     FB2_16          
N_PZ_127                3     3     FB3_13          
N_PZ_124                5     4     FB3_15          

** 19 Inputs **

Signal                  Bank Loc     Pin   Pin       Pin     I/O      I/O
Name                                 No.   Type      Use     STD      Style
A_number_i<0>           2    FB1_14  137   I/O       I       LVCMOS18 KPR
A_number_i<2>           2    FB2_15  10    I/O       I       LVCMOS18 KPR
A_number_i<1>           2    FB3_2   135   I/O       I       LVCMOS18 KPR
A_number_i<3>           2    FB3_3   134   I/O       I       LVCMOS18 KPR
A_number_i<4>           2    FB3_5   133   I/O       I       LVCMOS18 KPR
A_number_i<5>           2    FB3_14  132   I/O       I       LVCMOS18 KPR
A_number_i<6>           2    FB3_16  131   I/O       I       LVCMOS18 KPR
A_number_i<7>           2    FB4_1   11    I/O       I       LVCMOS18 KPR
B_number_i<0>           2    FB4_2   12    I/O       I       LVCMOS18 KPR
B_number_i<1>           2    FB4_3   13    I/O       I       LVCMOS18 KPR
B_number_i<2>           2    FB4_4   14    I/O       I       LVCMOS18 KPR
B_number_i<3>           2    FB4_5   15    I/O       I       LVCMOS18 KPR
B_number_i<4>           2    FB4_6   16    I/O       I       LVCMOS18 KPR
B_number_i<5>           2    FB4_12  17    I/O       I       LVCMOS18 KPR
B_number_i<6>           2    FB4_14  18    I/O       I       LVCMOS18 KPR
B_number_i<7>           1    FB5_2   33    I/O       I       LVCMOS18 KPR
clk_i                   1    FB5_4   32    GCK/I/O   GCK     LVCMOS18 KPR
instruction_i<0>        1    FB5_5   31    I/O       I       LVCMOS18 KPR
instruction_i<1>        1    FB5_6   30    GCK/I/O   I       LVCMOS18 KPR

Legend:
Pin No.   - ~     - User Assigned
I/O Style - OD    - OpenDrain
          - PU    - Pullup
          - KPR   - Keeper
          - S     - SchmittTrigger
          - DG    - DataGate
Reg Use   - LATCH - Transparent latch
          - DFF   - D-flip-flop
          - DEFF  - D-flip-flop with clock enable
          - TFF   - T-flip-flop
          - TDFF  - Dual-edge-triggered T-flip-flop
          - DDFF  - Dual-edge-triggered flip-flop
          - DDEFF - Dual-edge-triggered flip-flop with clock enable
          /S (after any above flop/latch type) indicates initial state is Set
**************************  Function Block Details  ************************
Legend:
Total Pt     - Total product terms used by the macrocell signal
Loc          - Location where logic was mapped in device
Pin Type/Use - I  - Input             GCK - Global clock
               O  - Output            GTS - Global Output Enable
              (b) - Buried macrocell  GSR - Global Set/Reset
              VRF - Vref
Pin No.      - ~  - User Assigned
*********************************** FB1  ***********************************
This function block is part of I/O Bank number:               2
Number of function block inputs used/remaining:               20/20
Number of function block control terms used/remaining:        0/4
Number of PLA product terms used/remaining:                   56/0
Signal                        Total Loc     Pin  Pin     Pin   CTC CTR CTS CTE
Name                          Pt            No.  Type    Use   
(unused)                      0     FB1_1        (b)           
(unused)                      0     FB1_2        (b)           
S_number_o<3>                 13    FB1_3   143  GSR/I/O O                 
S_number_o<2>                 5     FB1_4   142  I/O     O                 
(unused)                      0     FB1_5        (b)           
S_number_o<0>                 4     FB1_6   140  I/O     O                 
(unused)                      0     FB1_7        (b)           
(unused)                      0     FB1_8        (b)           
N_PZ_104                      1     FB1_9        (b)     (b)               
N_PZ_114                      1     FB1_10       (b)     (b)               
control_s                     2     FB1_11       (b)     (b)               
S_number_o<1>                 10    FB1_12  139  I/O     O                 
S_number_o<4>                 5     FB1_13  138  I/O     O                 
(unused)                      0     FB1_14  137  I/O     I     
F_ADDER_1/carry_4to5_s        9     FB1_15       (b)     (b)               
F_ADDER_1/carry_2to3_s        6     FB1_16       (b)     (b)               

Signals Used by Logic in Function Block
  1: A_number_i<0>      8: B_number_i<1>           15: N_PZ_114 
  2: A_number_i<1>      9: B_number_i<2>           16: N_PZ_49 
  3: A_number_i<2>     10: B_number_i<3>           17: N_PZ_50 
  4: A_number_i<3>     11: B_number_i<4>           18: control_s 
  5: A_number_i<4>     12: F_ADDER_1/carry_2to3_s  19: instruction_i<0> 
  6: A_number_i<6>     13: F_ADDER_1/carry_4to5_s  20: instruction_i<1> 
  7: B_number_i<0>     14: F_ADDER_1/carry_6to7_s 

Signal                     1         2         3         4 FB      
Name             0----+----0----+----0----+----0----+----0 Inputs  
S_number_o<3>     ..XX....XX..X..X.XXX.................... 9       
S_number_o<2>     ..X.....X......X.XXX.................... 6       
S_number_o<0>     X.....X.......X..XXX.................... 6       
N_PZ_104          .....X.......X.......................... 2       
N_PZ_114          X.....X................................. 2       
control_s         .................XXX.................... 3       
S_number_o<1>     XX....XX...X..X..XXX.................... 9       
S_number_o<4>     ....X.....X.....XXXX.................... 6       
F_ADDER_1/carry_4to5_s 
                  ..XX....XX.....X.X...................... 6       
F_ADDER_1/carry_2to3_s 
                  XX....XX......X..X...................... 6       
                 0----+----1----+----2----+----3----+----4
                           0         0         0         0
*********************************** FB2  ***********************************
This function block is part of I/O Bank number:               2
Number of function block inputs used/remaining:               23/17
Number of function block control terms used/remaining:        0/4
Number of PLA product terms used/remaining:                   56/0
Signal                        Total Loc     Pin  Pin     Pin   CTC CTR CTS CTE
Name                          Pt            No.  Type    Use   
S_number_o<5>                 13    FB2_1   2    GTS/I/O O                 
(unused)                      0     FB2_2        (b)           
S_number_o<6>                 6     FB2_3   3    GTS/I/O O                 
S_number_o<7>                 8     FB2_4   4    I/O     O                 
status_o<2>                   8     FB2_5   5    GTS/I/O O                 
(unused)                      0     FB2_6        (b)           
(unused)                      0     FB2_7        (b)           
N_PZ_49                       2     FB2_8        (b)     (b)               
N_PZ_50                       2     FB2_9        (b)     (b)               
N_PZ_103                      2     FB2_10       (b)     (b)               
N_PZ_150                      1     FB2_11       (b)     (b)               
status_o<0>                   7     FB2_12  6    GTS/I/O O                 
status_o<3>                   2     FB2_13  7    I/O     O                 
status_o<4>                   3     FB2_14  9    I/O     O                 
(unused)                      0     FB2_15  10   I/O     I     
F_ADDER_1/carry_6to7_s        9     FB2_16       (b)     (b)               

Signals Used by Logic in Function Block
  1: A_number_i<2>      9: B_number_i<7>           17: N_PZ_150 
  2: A_number_i<4>     10: F_ADDER_1/carry_2to3_s  18: N_PZ_50 
  3: A_number_i<5>     11: F_ADDER_1/carry_4to5_s  19: S_number_o<6> 
  4: A_number_i<6>     12: F_ADDER_1/carry_6to7_s  20: control_s 
  5: A_number_i<7>     13: N_PZ_103                21: instruction_i<0> 
  6: B_number_i<4>     14: N_PZ_104                22: instruction_i<1> 
  7: B_number_i<5>     15: N_PZ_124                23: status_o<0> 
  8: B_number_i<6>     16: N_PZ_127               

Signal                     1         2         3         4 FB      
Name             0----+----0----+----0----+----0----+----0 Inputs  
S_number_o<5>     .XX..XX....X.....X.XXX.................. 9       
S_number_o<6>     ...X...X.....X..X..XXX.................. 7       
S_number_o<7>     ....X..XX...XX..X...XX.................. 8       
status_o<2>       ....X..XX...XX..X...XX.................. 8       
N_PZ_49           X........X.............................. 2       
N_PZ_50           .X........X............................. 2       
N_PZ_103          ........X..........X.................... 2       
N_PZ_150          ...X.......X............................ 2       
status_o<0>       ....X..XX...XX..X..X.................... 7       
status_o<3>       ....X.......X.........X................. 3       
status_o<4>       ..............XX..X..................... 3       
F_ADDER_1/carry_6to7_s 
                  .XX..XX..........X.X.................... 6       
                 0----+----1----+----2----+----3----+----4
                           0         0         0         0
*********************************** FB3  ***********************************
This function block is part of I/O Bank number:               2
Number of function block inputs used/remaining:               8/32
Number of function block control terms used/remaining:        0/4
Number of PLA product terms used/remaining:                   9/47
Signal                        Total Loc     Pin  Pin     Pin   CTC CTR CTS CTE
Name                          Pt            No.  Type    Use   
status_o<1>                   1     FB3_1   136  I/O     O                 
(unused)                      0     FB3_2   135  I/O     I     
(unused)                      0     FB3_3   134  I/O     I     
(unused)                      0     FB3_4        (b)           
(unused)                      0     FB3_5   133  I/O     I     
(unused)                      0     FB3_6        (b)           
(unused)                      0     FB3_7        (b)           
(unused)                      0     FB3_8        (b)           
(unused)                      0     FB3_9        (b)           
(unused)                      0     FB3_10       (b)           
(unused)                      0     FB3_11       (b)           
(unused)                      0     FB3_12       (b)           
N_PZ_127                      3     FB3_13       (b)     (b)               
(unused)                      0     FB3_14  132  I/O     I     
N_PZ_124                      5     FB3_15       (b)     (b)               
(unused)                      0     FB3_16  131  I/O     I     

Signals Used by Logic in Function Block
  1: S_number_o<0>      4: S_number_o<3>      7: S_number_o<6> 
  2: S_number_o<1>      5: S_number_o<4>      8: status_o<2> 
  3: S_number_o<2>      6: S_number_o<5>    

Signal                     1         2         3         4 FB      
Name             0----+----0----+----0----+----0----+----0 Inputs  
status_o<1>       XXXXXXXX................................ 8       
N_PZ_127          ....XX.X................................ 3       
N_PZ_124          XXXX.................................... 4       
                 0----+----1----+----2----+----3----+----4
                           0         0         0         0
*********************************** FB4  ***********************************
This function block is part of I/O Bank number:               2
Number of function block inputs used/remaining:               0/40
Number of function block control terms used/remaining:        0/4
Number of PLA product terms used/remaining:                   0/56
Signal                        Total Loc     Pin  Pin     Pin   CTC CTR CTS CTE
Name                          Pt            No.  Type    Use   
(unused)                      0     FB4_1   11   I/O     I     
(unused)                      0     FB4_2   12   I/O     I     
(unused)                      0     FB4_3   13   I/O     I     
(unused)                      0     FB4_4   14   I/O     I     
(unused)                      0     FB4_5   15   I/O     I     
(unused)                      0     FB4_6   16   I/O     I     
(unused)                      0     FB4_7        (b)           
(unused)                      0     FB4_8        (b)           
(unused)                      0     FB4_9        (b)           
(unused)                      0     FB4_10       (b)           
(unused)                      0     FB4_11       (b)           
(unused)                      0     FB4_12  17   I/O     I     
(unused)                      0     FB4_13       (b)           
(unused)                      0     FB4_14  18   I/O     I     
(unused)                      0     FB4_15       (b)           
(unused)                      0     FB4_16       (b)           
*********************************** FB5  ***********************************
This function block is part of I/O Bank number:               1
Number of function block inputs used/remaining:               0/40
Number of function block control terms used/remaining:        0/4
Number of PLA product terms used/remaining:                   0/56
Signal                        Total Loc     Pin  Pin     Pin   CTC CTR CTS CTE
Name                          Pt            No.  Type    Use   
(unused)                      0     FB5_1        (b)           
(unused)                      0     FB5_2   33   I/O     I     
(unused)                      0     FB5_3        (b)           
(unused)                      0     FB5_4   32   GCK/I/O GCK   
(unused)                      0     FB5_5   31   I/O     I     
(unused)                      0     FB5_6   30   GCK/I/O I     
(unused)                      0     FB5_7        (b)           
(unused)                      0     FB5_8        (b)           
(unused)                      0     FB5_9        (b)           
(unused)                      0     FB5_10       (b)           
(unused)                      0     FB5_11       (b)           
(unused)                      0     FB5_12       (b)           
(unused)                      0     FB5_13       (b)           
(unused)                      0     FB5_14  28   I/O           
(unused)                      0     FB5_15       (b)           
(unused)                      0     FB5_16       (b)           
*********************************** FB6  ***********************************
This function block is part of I/O Bank number:               1
Number of function block inputs used/remaining:               0/40
Number of function block control terms used/remaining:        0/4
Number of PLA product terms used/remaining:                   0/56
Signal                        Total Loc     Pin  Pin     Pin   CTC CTR CTS CTE
Name                          Pt            No.  Type    Use   
(unused)                      0     FB6_1   34   I/O           
(unused)                      0     FB6_2   35   CDR/I/O       
(unused)                      0     FB6_3        (b)           
(unused)                      0     FB6_4   38   GCK/I/O       
(unused)                      0     FB6_5        (b)           
(unused)                      0     FB6_6        (b)           
(unused)                      0     FB6_7        (b)           
(unused)                      0     FB6_8        (b)           
(unused)                      0     FB6_9        (b)           
(unused)                      0     FB6_10       (b)           
(unused)                      0     FB6_11       (b)           
(unused)                      0     FB6_12  39   DGE/I/O       
(unused)                      0     FB6_13  40   I/O           
(unused)                      0     FB6_14  41   I/O           
(unused)                      0     FB6_15  42   I/O           
(unused)                      0     FB6_16  43   I/O           
*********************************** FB7  ***********************************
This function block is part of I/O Bank number:               1
Number of function block inputs used/remaining:               0/40
Number of function block control terms used/remaining:        0/4
Number of PLA product terms used/remaining:                   0/56
Signal                        Total Loc     Pin  Pin     Pin   CTC CTR CTS CTE
Name                          Pt            No.  Type    Use   
(unused)                      0     FB7_1        (b)           
(unused)                      0     FB7_2        (b)           
(unused)                      0     FB7_3        (b)           
(unused)                      0     FB7_4        (b)           
(unused)                      0     FB7_5   26   I/O           
(unused)                      0     FB7_6   25   I/O           
(unused)                      0     FB7_7        (b)           
(unused)                      0     FB7_8        (b)           
(unused)                      0     FB7_9        (b)           
(unused)                      0     FB7_10       (b)           
(unused)                      0     FB7_11  24   I/O           
(unused)                      0     FB7_12  23   I/O           
(unused)                      0     FB7_13  22   I/O           
(unused)                      0     FB7_14  21   I/O           
(unused)                      0     FB7_15  20   I/O           
(unused)                      0     FB7_16  19   I/O           
*********************************** FB8  ***********************************
This function block is part of I/O Bank number:               1
Number of function block inputs used/remaining:               0/40
Number of function block control terms used/remaining:        0/4
Number of PLA product terms used/remaining:                   0/56
Signal                        Total Loc     Pin  Pin     Pin   CTC CTR CTS CTE
Name                          Pt            No.  Type    Use   
(unused)                      0     FB8_1   44   I/O           
(unused)                      0     FB8_2   45   I/O           
(unused)                      0     FB8_3   46   I/O           
(unused)                      0     FB8_4        (b)           
(unused)                      0     FB8_5   48   I/O           
(unused)                      0     FB8_6   49   I/O           
(unused)                      0     FB8_7        (b)           
(unused)                      0     FB8_8        (b)           
(unused)                      0     FB8_9        (b)           
(unused)                      0     FB8_10       (b)           
(unused)                      0     FB8_11  50   I/O           
(unused)                      0     FB8_12  51   I/O           
(unused)                      0     FB8_13  52   I/O           
(unused)                      0     FB8_14       (b)           
(unused)                      0     FB8_15       (b)           
(unused)                      0     FB8_16       (b)           
*********************************** FB9  ***********************************
This function block is part of I/O Bank number:               2
Number of function block inputs used/remaining:               0/40
Number of function block control terms used/remaining:        0/4
Number of PLA product terms used/remaining:                   0/56
Signal                        Total Loc     Pin  Pin     Pin   CTC CTR CTS CTE
Name                          Pt            No.  Type    Use   
(unused)                      0     FB9_1   112  I/O           
(unused)                      0     FB9_2   113  I/O           
(unused)                      0     FB9_3        (b)           
(unused)                      0     FB9_4   114  I/O           
(unused)                      0     FB9_5        (b)           
(unused)                      0     FB9_6   115  I/O           
(unused)                      0     FB9_7        (b)           
(unused)                      0     FB9_8        (b)           
(unused)                      0     FB9_9        (b)           
(unused)                      0     FB9_10       (b)           
(unused)                      0     FB9_11       (b)           
(unused)                      0     FB9_12  116  I/O           
(unused)                      0     FB9_13  117  I/O           
(unused)                      0     FB9_14  118  I/O           
(unused)                      0     FB9_15  119  I/O           
(unused)                      0     FB9_16       (b)           
*********************************** FB10 ***********************************
This function block is part of I/O Bank number:               2
Number of function block inputs used/remaining:               0/40
Number of function block control terms used/remaining:        0/4
Number of PLA product terms used/remaining:                   0/56
Signal                        Total Loc     Pin  Pin     Pin   CTC CTR CTS CTE
Name                          Pt            No.  Type    Use   
(unused)                      0     FB10_1  111  I/O           
(unused)                      0     FB10_2  110  I/O           
(unused)                      0     FB10_3  107  I/O           
(unused)                      0     FB10_4  106  I/O           
(unused)                      0     FB10_5  105  I/O           
(unused)                      0     FB10_6  104  I/O           
(unused)                      0     FB10_7       (b)           
(unused)                      0     FB10_8       (b)           
(unused)                      0     FB10_9       (b)           
(unused)                      0     FB10_10      (b)           
(unused)                      0     FB10_11      (b)           
(unused)                      0     FB10_12 103  I/O           
(unused)                      0     FB10_13      (b)           
(unused)                      0     FB10_14 102  I/O           
(unused)                      0     FB10_15      (b)           
(unused)                      0     FB10_16 101  I/O           
*********************************** FB11 ***********************************
This function block is part of I/O Bank number:               2
Number of function block inputs used/remaining:               0/40
Number of function block control terms used/remaining:        0/4
Number of PLA product terms used/remaining:                   0/56
Signal                        Total Loc     Pin  Pin     Pin   CTC CTR CTS CTE
Name                          Pt            No.  Type    Use   
(unused)                      0     FB11_1       (b)           
(unused)                      0     FB11_2       (b)           
(unused)                      0     FB11_3       (b)           
(unused)                      0     FB11_4       (b)           
(unused)                      0     FB11_5  120  I/O           
(unused)                      0     FB11_6  121  I/O           
(unused)                      0     FB11_7       (b)           
(unused)                      0     FB11_8       (b)           
(unused)                      0     FB11_9       (b)           
(unused)                      0     FB11_10      (b)           
(unused)                      0     FB11_11 124  I/O           
(unused)                      0     FB11_12 125  I/O           
(unused)                      0     FB11_13 126  I/O           
(unused)                      0     FB11_14 128  I/O           
(unused)                      0     FB11_15 129  I/O           
(unused)                      0     FB11_16 130  I/O           
*********************************** FB12 ***********************************
This function block is part of I/O Bank number:               2
Number of function block inputs used/remaining:               0/40
Number of function block control terms used/remaining:        0/4
Number of PLA product terms used/remaining:                   0/56
Signal                        Total Loc     Pin  Pin     Pin   CTC CTR CTS CTE
Name                          Pt            No.  Type    Use   
(unused)                      0     FB12_1       (b)           
(unused)                      0     FB12_2  100  I/O           
(unused)                      0     FB12_3       (b)           
(unused)                      0     FB12_4       (b)           
(unused)                      0     FB12_5       (b)           
(unused)                      0     FB12_6       (b)           
(unused)                      0     FB12_7       (b)           
(unused)                      0     FB12_8       (b)           
(unused)                      0     FB12_9       (b)           
(unused)                      0     FB12_10      (b)           
(unused)                      0     FB12_11 98   I/O           
(unused)                      0     FB12_12 97   I/O           
(unused)                      0     FB12_13 96   I/O           
(unused)                      0     FB12_14 95   I/O           
(unused)                      0     FB12_15 94   I/O           
(unused)                      0     FB12_16      (b)           
*********************************** FB13 ***********************************
This function block is part of I/O Bank number:               1
Number of function block inputs used/remaining:               0/40
Number of function block control terms used/remaining:        0/4
Number of PLA product terms used/remaining:                   0/56
Signal                        Total Loc     Pin  Pin     Pin   CTC CTR CTS CTE
Name                          Pt            No.  Type    Use   
(unused)                      0     FB13_1  75   I/O           
(unused)                      0     FB13_2  76   I/O           
(unused)                      0     FB13_3  77   I/O           
(unused)                      0     FB13_4       (b)           
(unused)                      0     FB13_5  78   I/O           
(unused)                      0     FB13_6  79   I/O           
(unused)                      0     FB13_7       (b)           
(unused)                      0     FB13_8       (b)           
(unused)                      0     FB13_9       (b)           
(unused)                      0     FB13_10      (b)           
(unused)                      0     FB13_11      (b)           
(unused)                      0     FB13_12 80   I/O           
(unused)                      0     FB13_13 81   I/O           
(unused)                      0     FB13_14 82   I/O           
(unused)                      0     FB13_15      (b)           
(unused)                      0     FB13_16      (b)           
*********************************** FB14 ***********************************
This function block is part of I/O Bank number:               1
Number of function block inputs used/remaining:               0/40
Number of function block control terms used/remaining:        0/4
Number of PLA product terms used/remaining:                   0/56
Signal                        Total Loc     Pin  Pin     Pin   CTC CTR CTS CTE
Name                          Pt            No.  Type    Use   
(unused)                      0     FB14_1  74   I/O           
(unused)                      0     FB14_2  71   I/O           
(unused)                      0     FB14_3  70   I/O           
(unused)                      0     FB14_4  69   I/O           
(unused)                      0     FB14_5       (b)           
(unused)                      0     FB14_6  68   I/O           
(unused)                      0     FB14_7       (b)           
(unused)                      0     FB14_8       (b)           
(unused)                      0     FB14_9       (b)           
(unused)                      0     FB14_10      (b)           
(unused)                      0     FB14_11      (b)           
(unused)                      0     FB14_12      (b)           
(unused)                      0     FB14_13 66   I/O           
(unused)                      0     FB14_14 64   I/O           
(unused)                      0     FB14_15      (b)           
(unused)                      0     FB14_16 61   I/O           
*********************************** FB15 ***********************************
This function block is part of I/O Bank number:               1
Number of function block inputs used/remaining:               0/40
Number of function block control terms used/remaining:        0/4
Number of PLA product terms used/remaining:                   0/56
Signal                        Total Loc     Pin  Pin     Pin   CTC CTR CTS CTE
Name                          Pt            No.  Type    Use   
(unused)                      0     FB15_1       (b)           
(unused)                      0     FB15_2  83   I/O           
(unused)                      0     FB15_3       (b)           
(unused)                      0     FB15_4       (b)           
(unused)                      0     FB15_5       (b)           
(unused)                      0     FB15_6       (b)           
(unused)                      0     FB15_7       (b)           
(unused)                      0     FB15_8       (b)           
(unused)                      0     FB15_9       (b)           
(unused)                      0     FB15_10      (b)           
(unused)                      0     FB15_11 85   I/O           
(unused)                      0     FB15_12 86   I/O           
(unused)                      0     FB15_13 87   I/O           
(unused)                      0     FB15_14 88   I/O           
(unused)                      0     FB15_15 91   I/O           
(unused)                      0     FB15_16 92   I/O           
*********************************** FB16 ***********************************
This function block is part of I/O Bank number:               1
Number of function block inputs used/remaining:               0/40
Number of function block control terms used/remaining:        0/4
Number of PLA product terms used/remaining:                   0/56
Signal                        Total Loc     Pin  Pin     Pin   CTC CTR CTS CTE
Name                          Pt            No.  Type    Use   
(unused)                      0     FB16_1       (b)           
(unused)                      0     FB16_2       (b)           
(unused)                      0     FB16_3       (b)           
(unused)                      0     FB16_4       (b)           
(unused)                      0     FB16_5  60   I/O           
(unused)                      0     FB16_6  59   I/O           
(unused)                      0     FB16_7       (b)           
(unused)                      0     FB16_8       (b)           
(unused)                      0     FB16_9       (b)           
(unused)                      0     FB16_10      (b)           
(unused)                      0     FB16_11 58   I/O           
(unused)                      0     FB16_12 57   I/O           
(unused)                      0     FB16_13 56   I/O           
(unused)                      0     FB16_14      (b)           
(unused)                      0     FB16_15 54   I/O           
(unused)                      0     FB16_16 53   I/O           
*******************************  Equations  ********************************

********** Mapped Logic **********


F_ADDER_1/carry_2to3_s <= ((control_s AND B_number_i(1) AND NOT A_number_i(1))
	OR (NOT control_s AND NOT N_PZ_114 AND NOT B_number_i(1))
	OR (NOT control_s AND NOT N_PZ_114 AND NOT A_number_i(1))
	OR (NOT control_s AND NOT B_number_i(1) AND NOT A_number_i(1))
	OR (NOT B_number_i(0) AND NOT A_number_i(0) AND NOT A_number_i(1))
	OR (control_s AND NOT B_number_i(0) AND NOT A_number_i(0) AND 
	B_number_i(1)));


F_ADDER_1/carry_4to5_s <= ((control_s AND B_number_i(3) AND NOT A_number_i(3))
	OR (NOT control_s AND NOT B_number_i(3) AND NOT A_number_i(3))
	OR (NOT A_number_i(2) AND N_PZ_49 AND NOT A_number_i(3))
	OR (control_s AND B_number_i(2) AND NOT N_PZ_49 AND 
	B_number_i(3))
	OR (control_s AND B_number_i(2) AND NOT N_PZ_49 AND 
	NOT A_number_i(3))
	OR (control_s AND NOT A_number_i(2) AND N_PZ_49 AND 
	B_number_i(3))
	OR (NOT control_s AND NOT B_number_i(2) AND NOT N_PZ_49 AND 
	NOT B_number_i(3))
	OR (NOT control_s AND NOT B_number_i(2) AND NOT N_PZ_49 AND 
	NOT A_number_i(3))
	OR (NOT control_s AND NOT A_number_i(2) AND N_PZ_49 AND 
	NOT B_number_i(3)));


F_ADDER_1/carry_6to7_s <= ((control_s AND B_number_i(5) AND NOT A_number_i(5))
	OR (NOT control_s AND NOT B_number_i(5) AND NOT A_number_i(5))
	OR (NOT A_number_i(4) AND N_PZ_50 AND NOT A_number_i(5))
	OR (control_s AND B_number_i(4) AND NOT N_PZ_50 AND 
	B_number_i(5))
	OR (control_s AND B_number_i(4) AND NOT N_PZ_50 AND 
	NOT A_number_i(5))
	OR (control_s AND NOT A_number_i(4) AND N_PZ_50 AND 
	B_number_i(5))
	OR (NOT control_s AND NOT B_number_i(4) AND NOT N_PZ_50 AND 
	NOT B_number_i(5))
	OR (NOT control_s AND NOT B_number_i(4) AND NOT N_PZ_50 AND 
	NOT A_number_i(5))
	OR (NOT control_s AND NOT A_number_i(4) AND N_PZ_50 AND 
	NOT B_number_i(5)));


N_PZ_103 <= ((control_s AND B_number_i(7))
	OR (NOT control_s AND NOT B_number_i(7)));


N_PZ_104 <= (NOT F_ADDER_1/carry_6to7_s AND A_number_i(6));


N_PZ_114 <= (B_number_i(0) AND A_number_i(0));


N_PZ_124 <= S_number_o(0)
	XOR ((S_number_o(1) AND S_number_o(2) AND S_number_o(3))
	OR (S_number_o(1) AND NOT S_number_o(2) AND NOT S_number_o(3))
	OR (NOT S_number_o(1) AND S_number_o(2) AND NOT S_number_o(3))
	OR (NOT S_number_o(1) AND NOT S_number_o(2) AND S_number_o(3)));


N_PZ_127 <= status_o(2)
	XOR ((S_number_o(4) AND NOT S_number_o(5))
	OR (NOT S_number_o(4) AND S_number_o(5)));


N_PZ_150 <= (F_ADDER_1/carry_6to7_s AND NOT A_number_i(6));


N_PZ_49 <= ((F_ADDER_1/carry_2to3_s AND NOT A_number_i(2))
	OR (NOT F_ADDER_1/carry_2to3_s AND A_number_i(2)));


N_PZ_50 <= ((F_ADDER_1/carry_4to5_s AND NOT A_number_i(4))
	OR (NOT F_ADDER_1/carry_4to5_s AND A_number_i(4)));

FDCPE_S_number_o0: FDCPE port map (S_number_o(0),S_number_o_D(0),clk_i,'0','0','1');
S_number_o_D(0) <= NOT ((NOT instruction_i(1) AND control_s)
	XOR ((NOT instruction_i(1) AND N_PZ_114)
	OR (NOT B_number_i(0) AND NOT A_number_i(0))
	OR (instruction_i(1) AND NOT instruction_i(0) AND NOT N_PZ_114)));

FDCPE_S_number_o1: FDCPE port map (S_number_o(1),S_number_o_D(1),clk_i,'0','0','1');
S_number_o_D(1) <= NOT (((instruction_i(1) AND NOT instruction_i(0) AND 
	NOT B_number_i(1))
	OR (instruction_i(1) AND NOT instruction_i(0) AND 
	NOT A_number_i(1))
	OR (instruction_i(1) AND NOT B_number_i(1) AND NOT A_number_i(1))
	OR (NOT instruction_i(1) AND NOT A_number_i(1) AND 
	NOT F_ADDER_1/carry_2to3_s)
	OR (NOT instruction_i(1) AND control_s AND B_number_i(1) AND 
	NOT F_ADDER_1/carry_2to3_s)
	OR (NOT instruction_i(1) AND NOT control_s AND NOT N_PZ_114 AND 
	NOT F_ADDER_1/carry_2to3_s)
	OR (NOT instruction_i(1) AND NOT control_s AND NOT B_number_i(1) AND 
	NOT F_ADDER_1/carry_2to3_s)
	OR (NOT instruction_i(1) AND NOT B_number_i(0) AND NOT A_number_i(0) AND 
	NOT F_ADDER_1/carry_2to3_s)
	OR (NOT control_s AND NOT N_PZ_114 AND NOT B_number_i(1) AND 
	NOT A_number_i(1))
	OR (NOT instruction_i(1) AND control_s AND NOT B_number_i(0) AND 
	NOT A_number_i(0) AND B_number_i(1) AND NOT A_number_i(1))));

FDCPE_S_number_o2: FDCPE port map (S_number_o(2),S_number_o_D(2),clk_i,'0','0','1');
S_number_o_D(2) <= NOT (NOT B_number_i(2)
	XOR ((NOT instruction_i(1) AND control_s AND N_PZ_49)
	OR (NOT instruction_i(1) AND NOT control_s AND NOT N_PZ_49)
	OR (instruction_i(1) AND instruction_i(0) AND 
	NOT B_number_i(2) AND A_number_i(2))
	OR (instruction_i(1) AND NOT instruction_i(0) AND 
	B_number_i(2) AND NOT A_number_i(2))));

FDCPE_S_number_o3: FDCPE port map (S_number_o(3),S_number_o_D(3),clk_i,'0','0','1');
S_number_o_D(3) <= NOT (((instruction_i(1) AND NOT instruction_i(0) AND 
	NOT B_number_i(3))
	OR (instruction_i(1) AND NOT instruction_i(0) AND 
	NOT A_number_i(3))
	OR (instruction_i(1) AND NOT B_number_i(3) AND NOT A_number_i(3))
	OR (NOT instruction_i(1) AND NOT A_number_i(3) AND 
	NOT F_ADDER_1/carry_4to5_s)
	OR (NOT instruction_i(1) AND control_s AND B_number_i(3) AND 
	NOT F_ADDER_1/carry_4to5_s)
	OR (NOT instruction_i(1) AND NOT control_s AND NOT B_number_i(3) AND 
	NOT F_ADDER_1/carry_4to5_s)
	OR (NOT instruction_i(1) AND NOT A_number_i(2) AND N_PZ_49 AND 
	NOT F_ADDER_1/carry_4to5_s)
	OR (NOT B_number_i(2) AND NOT N_PZ_49 AND NOT B_number_i(3) AND 
	NOT A_number_i(3))
	OR (NOT instruction_i(1) AND B_number_i(2) AND NOT N_PZ_49 AND 
	B_number_i(3) AND NOT A_number_i(3))
	OR (NOT instruction_i(1) AND B_number_i(2) AND NOT N_PZ_49 AND 
	NOT B_number_i(3) AND A_number_i(3))
	OR (NOT instruction_i(1) AND NOT B_number_i(2) AND NOT N_PZ_49 AND 
	B_number_i(3) AND A_number_i(3))
	OR (NOT control_s AND NOT A_number_i(2) AND N_PZ_49 AND 
	NOT B_number_i(3) AND NOT A_number_i(3))
	OR (NOT instruction_i(1) AND control_s AND NOT A_number_i(2) AND 
	N_PZ_49 AND B_number_i(3) AND NOT A_number_i(3))));

FDCPE_S_number_o4: FDCPE port map (S_number_o(4),S_number_o_D(4),clk_i,'0','0','1');
S_number_o_D(4) <= NOT (NOT B_number_i(4)
	XOR ((NOT instruction_i(1) AND control_s AND N_PZ_50)
	OR (NOT instruction_i(1) AND NOT control_s AND NOT N_PZ_50)
	OR (instruction_i(1) AND instruction_i(0) AND 
	NOT B_number_i(4) AND A_number_i(4))
	OR (instruction_i(1) AND NOT instruction_i(0) AND 
	B_number_i(4) AND NOT A_number_i(4))));

FDCPE_S_number_o5: FDCPE port map (S_number_o(5),S_number_o_D(5),clk_i,'0','0','1');
S_number_o_D(5) <= NOT (((instruction_i(1) AND NOT instruction_i(0) AND 
	NOT B_number_i(5))
	OR (instruction_i(1) AND NOT instruction_i(0) AND 
	NOT A_number_i(5))
	OR (instruction_i(1) AND NOT B_number_i(5) AND NOT A_number_i(5))
	OR (NOT instruction_i(1) AND NOT A_number_i(5) AND 
	NOT F_ADDER_1/carry_6to7_s)
	OR (NOT instruction_i(1) AND control_s AND B_number_i(5) AND 
	NOT F_ADDER_1/carry_6to7_s)
	OR (NOT instruction_i(1) AND NOT control_s AND NOT B_number_i(5) AND 
	NOT F_ADDER_1/carry_6to7_s)
	OR (NOT instruction_i(1) AND NOT A_number_i(4) AND N_PZ_50 AND 
	NOT F_ADDER_1/carry_6to7_s)
	OR (NOT B_number_i(4) AND NOT N_PZ_50 AND NOT B_number_i(5) AND 
	NOT A_number_i(5))
	OR (NOT instruction_i(1) AND B_number_i(4) AND NOT N_PZ_50 AND 
	B_number_i(5) AND NOT A_number_i(5))
	OR (NOT instruction_i(1) AND B_number_i(4) AND NOT N_PZ_50 AND 
	NOT B_number_i(5) AND A_number_i(5))
	OR (NOT instruction_i(1) AND NOT B_number_i(4) AND NOT N_PZ_50 AND 
	B_number_i(5) AND A_number_i(5))
	OR (NOT control_s AND NOT A_number_i(4) AND N_PZ_50 AND 
	NOT B_number_i(5) AND NOT A_number_i(5))
	OR (NOT instruction_i(1) AND control_s AND NOT A_number_i(4) AND 
	N_PZ_50 AND B_number_i(5) AND NOT A_number_i(5))));

FDCPE_S_number_o6: FDCPE port map (S_number_o(6),S_number_o_D(6),clk_i,'0','0','1');
S_number_o_D(6) <= NOT (NOT B_number_i(6)
	XOR ((NOT instruction_i(1) AND control_s AND N_PZ_104)
	OR (NOT instruction_i(1) AND control_s AND N_PZ_150)
	OR (instruction_i(1) AND instruction_i(0) AND 
	NOT B_number_i(6) AND A_number_i(6))
	OR (instruction_i(1) AND NOT instruction_i(0) AND 
	B_number_i(6) AND NOT A_number_i(6))
	OR (NOT instruction_i(1) AND NOT control_s AND NOT N_PZ_104 AND 
	NOT N_PZ_150)));

FDCPE_S_number_o7: FDCPE port map (S_number_o(7),S_number_o_D(7),clk_i,'0','0','1');
S_number_o_D(7) <= A_number_i(7)
	XOR ((instruction_i(1) AND instruction_i(0) AND 
	NOT A_number_i(7) AND B_number_i(7))
	OR (instruction_i(1) AND NOT instruction_i(0) AND 
	A_number_i(7) AND NOT B_number_i(7))
	OR (NOT instruction_i(1) AND N_PZ_104 AND N_PZ_150 AND 
	A_number_i(7))
	OR (NOT instruction_i(1) AND N_PZ_104 AND NOT N_PZ_150 AND 
	N_PZ_103)
	OR (NOT instruction_i(1) AND NOT N_PZ_104 AND N_PZ_150 AND 
	NOT N_PZ_103)
	OR (NOT instruction_i(1) AND B_number_i(6) AND NOT N_PZ_104 AND 
	NOT N_PZ_150 AND NOT B_number_i(7))
	OR (NOT instruction_i(1) AND NOT B_number_i(6) AND NOT N_PZ_104 AND 
	NOT N_PZ_150 AND B_number_i(7)));

FDCPE_control_s: FDCPE port map (control_s,control_s_D,clk_i,'0','0','1');
control_s_D <= NOT (((instruction_i(1) AND NOT control_s)
	OR (NOT instruction_i(1) AND NOT instruction_i(0))));


status_o(0) <= NOT (((N_PZ_150 AND NOT A_number_i(7))
	OR (N_PZ_150 AND N_PZ_103)
	OR (NOT A_number_i(7) AND N_PZ_103)
	OR (control_s AND B_number_i(6) AND NOT N_PZ_104 AND 
	NOT A_number_i(7))
	OR (control_s AND B_number_i(6) AND NOT N_PZ_104 AND 
	B_number_i(7))
	OR (NOT control_s AND NOT B_number_i(6) AND NOT N_PZ_104 AND 
	NOT A_number_i(7))
	OR (NOT control_s AND NOT B_number_i(6) AND NOT N_PZ_104 AND 
	NOT B_number_i(7))));


status_o(1) <= (NOT status_o(2) AND NOT S_number_o(0) AND NOT S_number_o(1) AND 
	NOT S_number_o(2) AND NOT S_number_o(3) AND NOT S_number_o(4) AND NOT S_number_o(5) AND 
	NOT S_number_o(6));

FDCPE_status_o2: FDCPE port map (status_o(2),status_o_D(2),clk_i,'0','0','1');
status_o_D(2) <= A_number_i(7)
	XOR ((instruction_i(1) AND instruction_i(0) AND 
	NOT A_number_i(7) AND B_number_i(7))
	OR (instruction_i(1) AND NOT instruction_i(0) AND 
	A_number_i(7) AND NOT B_number_i(7))
	OR (NOT instruction_i(1) AND N_PZ_104 AND N_PZ_150 AND 
	A_number_i(7))
	OR (NOT instruction_i(1) AND N_PZ_104 AND NOT N_PZ_150 AND 
	N_PZ_103)
	OR (NOT instruction_i(1) AND NOT N_PZ_104 AND N_PZ_150 AND 
	NOT N_PZ_103)
	OR (NOT instruction_i(1) AND B_number_i(6) AND NOT N_PZ_104 AND 
	NOT N_PZ_150 AND NOT B_number_i(7))
	OR (NOT instruction_i(1) AND NOT B_number_i(6) AND NOT N_PZ_104 AND 
	NOT N_PZ_150 AND B_number_i(7)));


status_o(3) <= ((A_number_i(7) AND N_PZ_103 AND status_o(0))
	OR (NOT A_number_i(7) AND NOT N_PZ_103 AND NOT status_o(0)));


status_o(4) <= S_number_o(6)
	XOR ((N_PZ_124 AND NOT N_PZ_127)
	OR (NOT N_PZ_124 AND N_PZ_127));


Register Legend:
 FDCPE (Q,D,C,CLR,PRE,CE); 
 FDDCPE (Q,D,C,CLR,PRE,CE); 
 FTCPE (Q,D,C,CLR,PRE,CE); 
 FTDCPE (Q,D,C,CLR,PRE,CE); 
 LDCP  (Q,D,G,CLR,PRE); 

******************************  Device Pin Out *****************************

Device : XC2C256-6-TQ144


Pin Signal                         Pin Signal                        
No. Name                           No. Name                          
  1 VCC                              73 VCCIO-1.8                     
  2 S_number_o<5>                    74 KPR                           
  3 S_number_o<6>                    75 KPR                           
  4 S_number_o<7>                    76 KPR                           
  5 status_o<2>                      77 KPR                           
  6 status_o<0>                      78 KPR                           
  7 status_o<3>                      79 KPR                           
  8 VCCAUX                           80 KPR                           
  9 status_o<4>                      81 KPR                           
 10 A_number_i<2>                    82 KPR                           
 11 A_number_i<7>                    83 KPR                           
 12 B_number_i<0>                    84 VCC                           
 13 B_number_i<1>                    85 KPR                           
 14 B_number_i<2>                    86 KPR                           
 15 B_number_i<3>                    87 KPR                           
 16 B_number_i<4>                    88 KPR                           
 17 B_number_i<5>                    89 GND                           
 18 B_number_i<6>                    90 GND                           
 19 KPR                              91 KPR                           
 20 KPR                              92 KPR                           
 21 KPR                              93 VCCIO-1.8                     
 22 KPR                              94 KPR                           
 23 KPR                              95 KPR                           
 24 KPR                              96 KPR                           
 25 KPR                              97 KPR                           
 26 KPR                              98 KPR                           
 27 VCCIO-1.8                        99 GND                           
 28 KPR                             100 KPR                           
 29 GND                             101 KPR                           
 30 instruction_i<1>                102 KPR                           
 31 instruction_i<0>                103 KPR                           
 32 clk_i                           104 KPR                           
 33 B_number_i<7>                   105 KPR                           
 34 KPR                             106 KPR                           
 35 KPR                             107 KPR                           
 36 GND                             108 GND                           
 37 VCC                             109 VCCIO-1.8                     
 38 KPR                             110 KPR                           
 39 KPR                             111 KPR                           
 40 KPR                             112 KPR                           
 41 KPR                             113 KPR                           
 42 KPR                             114 KPR                           
 43 KPR                             115 KPR                           
 44 KPR                             116 KPR                           
 45 KPR                             117 KPR                           
 46 KPR                             118 KPR                           
 47 GND                             119 KPR                           
 48 KPR                             120 KPR                           
 49 KPR                             121 KPR                           
 50 KPR                             122 TDO                           
 51 KPR                             123 GND                           
 52 KPR                             124 KPR                           
 53 KPR                             125 KPR                           
 54 KPR                             126 KPR                           
 55 VCCIO-1.8                       127 VCCIO-1.8                     
 56 KPR                             128 KPR                           
 57 KPR                             129 KPR                           
 58 KPR                             130 KPR                           
 59 KPR                             131 A_number_i<6>                 
 60 KPR                             132 A_number_i<5>                 
 61 KPR                             133 A_number_i<4>                 
 62 GND                             134 A_number_i<3>                 
 63 TDI                             135 A_number_i<1>                 
 64 KPR                             136 status_o<1>                   
 65 TMS                             137 A_number_i<0>                 
 66 KPR                             138 S_number_o<4>                 
 67 TCK                             139 S_number_o<1>                 
 68 KPR                             140 S_number_o<0>                 
 69 KPR                             141 VCCIO-1.8                     
 70 KPR                             142 S_number_o<2>                 
 71 KPR                             143 S_number_o<3>                 
 72 GND                             144 GND                           


Legend :  NC  = Not Connected, unbonded pin
        PGND  = Unused I/O configured as additional Ground pin
         KPR  = Unused I/O with weak keeper (leave unconnected)
         WPU  = Unused I/O with weak pull up (leave unconnected)
         TIE  = Unused I/O floating -- must tie to VCC, GND or other signal
         VCC  = Dedicated Power Pin
      VCCAUX  = Power supply for JTAG pins
   VCCIO-3.3  = I/O supply voltage for LVTTL, LVCMOS33, SSTL3_I
   VCCIO-2.5  = I/O supply voltage for LVCMOS25, SSTL2_I
   VCCIO-1.8  = I/O supply voltage for LVCMOS18
   VCCIO-1.5  = I/O supply voltage for LVCMOS15, HSTL_I
        VREF  = Reference voltage for indicated input standard
       *VREF  = Reference voltage pin selected by software
         GND  = Dedicated Ground Pin
         TDI  = Test Data In, JTAG pin
         TDO  = Test Data Out, JTAG pin
         TCK  = Test Clock, JTAG pin
         TMS  = Test Mode Select, JTAG pin
  PROHIBITED  = User reserved pin
****************************  Compiler Options  ****************************

Following is a list of all global compiler options used by the fitter run.

Device(s) Specified                         : xc2c256-6-TQ144
Optimization Method                         : DENSITY
Multi-Level Logic Optimization              : ON
Ignore Timing Specifications                : OFF
Default Register Power Up Value             : LOW
Keep User Location Constraints              : ON
What-You-See-Is-What-You-Get                : OFF
Exhaustive Fitting                          : OFF
Keep Unused Inputs                          : OFF
Slew Rate                                   : FAST
Set Unused I/O Pin Termination              : KEEPER
Global Clock Optimization                   : ON
Global Set/Reset Optimization               : ON
Global Ouput Enable Optimization            : ON
Enable Input Registers                      : ON
Function Block Fan-in Limit                 : 38
Use DATA_GATE Attribute                     : ON
Set Tristate Outputs to Termination Mode    : KEEPER
Default Voltage Standard for All Outputs    : LVCMOS18
Input Limit                                 : 32
Pterm Limit                                 : 28
