Release 14.7 - xst P.20131013 (nt64)
Copyright (c) 1995-2013 Xilinx, Inc.  All rights reserved.
--> Parameter TMPDIR set to xst/projnav.tmp


Total REAL time to Xst completion: 0.00 secs
Total CPU time to Xst completion: 0.16 secs
 
--> Parameter xsthdpdir set to xst


Total REAL time to Xst completion: 0.00 secs
Total CPU time to Xst completion: 0.16 secs
 
--> Reading design: ALU.prj

TABLE OF CONTENTS
  1) Synthesis Options Summary
  2) HDL Compilation
  3) Design Hierarchy Analysis
  4) HDL Analysis
  5) HDL Synthesis
     5.1) HDL Synthesis Report
  6) Advanced HDL Synthesis
     6.1) Advanced HDL Synthesis Report
  7) Low Level Synthesis
  8) Partition Report
  9) Final Report

=========================================================================
*                      Synthesis Options Summary                        *
=========================================================================
---- Source Parameters
Input File Name                    : "ALU.prj"
Input Format                       : mixed
Ignore Synthesis Constraint File   : NO

---- Target Parameters
Output File Name                   : "ALU"
Output Format                      : NGC
Target Device                      : CoolRunner2 CPLDs

---- Source Options
Top Module Name                    : ALU
Automatic FSM Extraction           : YES
FSM Encoding Algorithm             : Auto
Safe Implementation                : No
Mux Extraction                     : Yes
Resource Sharing                   : YES

---- Target Options
Add IO Buffers                     : YES
MACRO Preserve                     : YES
XOR Preserve                       : YES
Equivalent register Removal        : YES

---- General Options
Optimization Goal                  : Speed
Optimization Effort                : 1
Keep Hierarchy                     : Yes
Netlist Hierarchy                  : As_Optimized
RTL Output                         : Yes
Hierarchy Separator                : /
Bus Delimiter                      : <>
Case Specifier                     : Maintain
Verilog 2001                       : YES

---- Other Options
Clock Enable                       : YES
wysiwyg                            : NO

=========================================================================


=========================================================================
*                          HDL Compilation                              *
=========================================================================
Compiling vhdl file "C:/Users/vyma9/OneDrive/Plocha/VUT/DE1/Digital-electronic-1/Semestral/ALU/FULL_ADDER.vhd" in Library work.
Architecture behavioral of Entity full_adder is up to date.
Compiling vhdl file "C:/Users/vyma9/OneDrive/Plocha/VUT/DE1/Digital-electronic-1/Semestral/ALU/ADDER8BIT.vhd" in Library work.
Architecture behavioral of Entity adder8bit is up to date.
Compiling vhdl file "C:/Users/vyma9/OneDrive/Plocha/VUT/DE1/Digital-electronic-1/Semestral/ALU/ALU.vhd" in Library work.
Architecture behavioral of Entity alu is up to date.

=========================================================================
*                     Design Hierarchy Analysis                         *
=========================================================================
Analyzing hierarchy for entity <ALU> in library <work> (architecture <behavioral>).

Analyzing hierarchy for entity <ADDER8BIT> in library <work> (architecture <Behavioral>).

Analyzing hierarchy for entity <FULL_ADDER> in library <work> (architecture <Behavioral>).


=========================================================================
*                            HDL Analysis                               *
=========================================================================
Analyzing Entity <ALU> in library <work> (Architecture <behavioral>).
INFO:Xst:1561 - "C:/Users/vyma9/OneDrive/Plocha/VUT/DE1/Digital-electronic-1/Semestral/ALU/ALU.vhd" line 49: Mux is complete : default of case is discarded
Entity <ALU> analyzed. Unit <ALU> generated.

Analyzing Entity <ADDER8BIT> in library <work> (Architecture <Behavioral>).
Entity <ADDER8BIT> analyzed. Unit <ADDER8BIT> generated.

Analyzing Entity <FULL_ADDER> in library <work> (Architecture <Behavioral>).
Entity <FULL_ADDER> analyzed. Unit <FULL_ADDER> generated.


=========================================================================
*                           HDL Synthesis                               *
=========================================================================

Performing bidirectional port resolution...

Synthesizing Unit <FULL_ADDER>.
    Related source file is "C:/Users/vyma9/OneDrive/Plocha/VUT/DE1/Digital-electronic-1/Semestral/ALU/FULL_ADDER.vhd".
    Found 1-bit xor3 for signal <s_o>.
Unit <FULL_ADDER> synthesized.


Synthesizing Unit <ADDER8BIT>.
    Related source file is "C:/Users/vyma9/OneDrive/Plocha/VUT/DE1/Digital-electronic-1/Semestral/ALU/ADDER8BIT.vhd".
    Found 7-bit xor2 for signal <IN_b_s>.
    Summary:
	inferred   7 Xor(s).
Unit <ADDER8BIT> synthesized.


Synthesizing Unit <ALU>.
    Related source file is "C:/Users/vyma9/OneDrive/Plocha/VUT/DE1/Digital-electronic-1/Semestral/ALU/ALU.vhd".
    Found 1-bit xor8 for signal <status_o<4>>.
    Found 1-bit register for signal <control_s>.
    Found 8-bit register for signal <S_number_s>.
    Summary:
	inferred   1 D-type flip-flop(s).
Unit <ALU> synthesized.


=========================================================================
HDL Synthesis Report

Macro Statistics
# Registers                                            : 2
 1-bit register                                        : 1
 8-bit register                                        : 1
# Xors                                                 : 16
 1-bit xor2                                            : 7
 1-bit xor3                                            : 8
 1-bit xor8                                            : 1

=========================================================================

=========================================================================
*                       Advanced HDL Synthesis                          *
=========================================================================


=========================================================================
Advanced HDL Synthesis Report

Macro Statistics
# Registers                                            : 1
 Flip-Flops                                            : 1
# Xors                                                 : 9
 1-bit xor3                                            : 8
 1-bit xor8                                            : 1

=========================================================================

=========================================================================
*                         Low Level Synthesis                           *
=========================================================================

Optimizing unit <ALU> ...

Optimizing unit <FULL_ADDER> ...

Optimizing unit <ADDER8BIT> ...

=========================================================================
*                           Partition Report                            *
=========================================================================

Partition Implementation Status
-------------------------------

  No Partitions were found in this design.

-------------------------------

=========================================================================
*                            Final Report                               *
=========================================================================
Final Results
RTL Top Level Output File Name     : ALU.ngr
Top Level Output File Name         : ALU
Output Format                      : NGC
Optimization Goal                  : Speed
Keep Hierarchy                     : Yes
Target Technology                  : CoolRunner2 CPLDs
Macro Preserve                     : YES
XOR Preserve                       : YES
Clock Enable                       : YES
wysiwyg                            : NO

Design Statistics
# IOs                              : 32

Cell Usage :
# BELS                             : 163
#      AND2                        : 61
#      AND8                        : 1
#      INV                         : 28
#      OR2                         : 43
#      XOR2                        : 30
# FlipFlops/Latches                : 9
#      FD                          : 9
# IO Buffers                       : 32
#      IBUF                        : 19
#      OBUF                        : 13
=========================================================================


Total REAL time to Xst completion: 5.00 secs
Total CPU time to Xst completion: 4.58 secs
 
--> 

Total memory usage is 4458668 kilobytes

Number of errors   :    0 (   0 filtered)
Number of warnings :    0 (   0 filtered)
Number of infos    :    1 (   0 filtered)

