Running: D:\Xilinx\14.7\ISE_DS\ISE\bin\nt64\unwrapped\fuse.exe -intstyle ise -incremental -o C:/Users/vyma9/OneDrive/Plocha/VUT/DE1/Digital-electronic-1/Labs/07-stopwatch/stopwatch/test02_isim_beh.exe -prj C:/Users/vyma9/OneDrive/Plocha/VUT/DE1/Digital-electronic-1/Labs/07-stopwatch/stopwatch/test02_beh.prj work.test02 
ISim P.20131013 (signature 0x7708f090)
Number of CPUs detected in this system: 4
Turning on mult-threading, number of parallel sub-compilation jobs: 8 
Determining compilation order of HDL files
Parsing VHDL file "C:/Users/vyma9/OneDrive/Plocha/VUT/DE1/Digital-electronic-1/Labs/07-stopwatch/stopwatch/decimalCounter.vhd" into library work
Parsing VHDL file "C:/Users/vyma9/OneDrive/Plocha/VUT/DE1/Digital-electronic-1/Labs/07-stopwatch/stopwatch/stopwatchCounter.vhd" into library work
Parsing VHDL file "C:/Users/vyma9/OneDrive/Plocha/VUT/DE1/Digital-electronic-1/Labs/07-stopwatch/stopwatch/test02.vhd" into library work
Starting static elaboration
Completed static elaboration
Compiling package standard
Compiling package std_logic_1164
Compiling package numeric_std
Compiling architecture behavioral of entity decimalCounter [\decimalCounter(9)\]
Compiling architecture behavioral of entity decimalCounter [\decimalCounter(5)\]
Compiling architecture behavioral of entity stopwatchCounter [stopwatchcounter_default]
Compiling architecture behavior of entity test02
Time Resolution for simulation is 1ps.
Waiting for 1 sub-compilation(s) to finish...
WARNING:Simulator - Unable to copy libPortabilityNOSH.dll to the simulation executable directory: boost::filesystem::copy_file: Systém nemù e nalézt uvedenou cestu, "isim\test02_isim_beh.exe.sim\libPortability.dll".
Compiled 10 VHDL Units
Built simulation executable C:/Users/vyma9/OneDrive/Plocha/VUT/DE1/Digital-electronic-1/Labs/07-stopwatch/stopwatch/test02_isim_beh.exe
Fuse Memory Usage: 35492 KB
Fuse CPU Usage: 593 ms
