Release 14.7 - xst P.20131013 (nt64)
Copyright (c) 1995-2013 Xilinx, Inc.  All rights reserved.
--> Parameter TMPDIR set to xst/projnav.tmp


Total REAL time to Xst completion: 0.00 secs
Total CPU time to Xst completion: 0.17 secs
 
--> Parameter xsthdpdir set to xst


Total REAL time to Xst completion: 0.00 secs
Total CPU time to Xst completion: 0.17 secs
 
--> Reading design: stopwatchCounter.prj

TABLE OF CONTENTS
  1) Synthesis Options Summary
  2) HDL Compilation
  3) Design Hierarchy Analysis
  4) HDL Analysis
  5) HDL Synthesis
     5.1) HDL Synthesis Report
  6) Advanced HDL Synthesis
     6.1) Advanced HDL Synthesis Report
  7) Low Level Synthesis
  8) Partition Report
  9) Final Report

=========================================================================
*                      Synthesis Options Summary                        *
=========================================================================
---- Source Parameters
Input File Name                    : "stopwatchCounter.prj"
Input Format                       : mixed
Ignore Synthesis Constraint File   : NO

---- Target Parameters
Output File Name                   : "stopwatchCounter"
Output Format                      : NGC
Target Device                      : CoolRunner2 CPLDs

---- Source Options
Top Module Name                    : stopwatchCounter
Automatic FSM Extraction           : YES
FSM Encoding Algorithm             : Auto
Safe Implementation                : No
Mux Extraction                     : Yes
Resource Sharing                   : YES

---- Target Options
Add IO Buffers                     : YES
MACRO Preserve                     : YES
XOR Preserve                       : YES
Equivalent register Removal        : YES

---- General Options
Optimization Goal                  : Speed
Optimization Effort                : 1
Keep Hierarchy                     : Yes
Netlist Hierarchy                  : As_Optimized
RTL Output                         : Yes
Hierarchy Separator                : /
Bus Delimiter                      : <>
Case Specifier                     : Maintain
Verilog 2001                       : YES

---- Other Options
Clock Enable                       : YES
wysiwyg                            : NO

=========================================================================


=========================================================================
*                          HDL Compilation                              *
=========================================================================
Compiling vhdl file "C:/Users/vyma9/OneDrive/Plocha/VUT/DE1/Digital-electronic-1/Labs/07-stopwatch/stopwatch/decimalCounter.vhd" in Library work.
Entity <decimalcounter> compiled.
Entity <decimalcounter> (Architecture <behavioral>) compiled.
Compiling vhdl file "C:/Users/vyma9/OneDrive/Plocha/VUT/DE1/Digital-electronic-1/Labs/07-stopwatch/stopwatch/stopwatchCounter.vhd" in Library work.
Entity <stopwatchcounter> compiled.
Entity <stopwatchcounter> (Architecture <behavioral>) compiled.

=========================================================================
*                     Design Hierarchy Analysis                         *
=========================================================================
Analyzing hierarchy for entity <stopwatchCounter> in library <work> (architecture <behavioral>).

Analyzing hierarchy for entity <decimalCounter> in library <work> (architecture <Behavioral>) with generics.
	max = 9

Analyzing hierarchy for entity <decimalCounter> in library <work> (architecture <Behavioral>) with generics.
	max = 5


=========================================================================
*                            HDL Analysis                               *
=========================================================================
Analyzing Entity <stopwatchCounter> in library <work> (Architecture <behavioral>).
Entity <stopwatchCounter> analyzed. Unit <stopwatchCounter> generated.

Analyzing generic Entity <decimalCounter.1> in library <work> (Architecture <Behavioral>).
	max = 9
Entity <decimalCounter.1> analyzed. Unit <decimalCounter.1> generated.

Analyzing generic Entity <decimalCounter.2> in library <work> (Architecture <Behavioral>).
	max = 5
Entity <decimalCounter.2> analyzed. Unit <decimalCounter.2> generated.


=========================================================================
*                           HDL Synthesis                               *
=========================================================================

Performing bidirectional port resolution...

Synthesizing Unit <decimalCounter_1>.
    Related source file is "C:/Users/vyma9/OneDrive/Plocha/VUT/DE1/Digital-electronic-1/Labs/07-stopwatch/stopwatch/decimalCounter.vhd".
    Found 1-bit register for signal <carry_o>.
    Found 4-bit up counter for signal <s_counter>.
    Summary:
	inferred   1 Counter(s).
Unit <decimalCounter_1> synthesized.


Synthesizing Unit <decimalCounter_2>.
    Related source file is "C:/Users/vyma9/OneDrive/Plocha/VUT/DE1/Digital-electronic-1/Labs/07-stopwatch/stopwatch/decimalCounter.vhd".
    Found 1-bit register for signal <carry_o>.
    Found 4-bit up counter for signal <s_counter>.
    Summary:
	inferred   1 Counter(s).
Unit <decimalCounter_2> synthesized.


Synthesizing Unit <stopwatchCounter>.
    Related source file is "C:/Users/vyma9/OneDrive/Plocha/VUT/DE1/Digital-electronic-1/Labs/07-stopwatch/stopwatch/stopwatchCounter.vhd".
    Found 1-bit register for signal <s_carry0>.
Unit <stopwatchCounter> synthesized.


=========================================================================
HDL Synthesis Report

Macro Statistics
# Counters                                             : 4
 4-bit up counter                                      : 4
# Registers                                            : 5
 1-bit register                                        : 5

=========================================================================

=========================================================================
*                       Advanced HDL Synthesis                          *
=========================================================================


=========================================================================
Advanced HDL Synthesis Report

Macro Statistics
# Counters                                             : 4
 4-bit up counter                                      : 4

=========================================================================

=========================================================================
*                         Low Level Synthesis                           *
=========================================================================

Optimizing unit <stopwatchCounter> ...

Optimizing unit <decimalCounter_1> ...
  implementation constraint: INIT=r	 : carry_o
  implementation constraint: INIT=r	 : s_counter_3
  implementation constraint: INIT=r	 : s_counter_2
  implementation constraint: INIT=r	 : s_counter_0
  implementation constraint: INIT=r	 : s_counter_1

Optimizing unit <decimalCounter_2> ...
  implementation constraint: INIT=r	 : carry_o
  implementation constraint: INIT=r	 : s_counter_3
  implementation constraint: INIT=r	 : s_counter_2
  implementation constraint: INIT=r	 : s_counter_0
  implementation constraint: INIT=r	 : s_counter_1

=========================================================================
*                           Partition Report                            *
=========================================================================

Partition Implementation Status
-------------------------------

  No Partitions were found in this design.

-------------------------------

=========================================================================
*                            Final Report                               *
=========================================================================
Final Results
RTL Top Level Output File Name     : stopwatchCounter.ngr
Top Level Output File Name         : stopwatchCounter
Output Format                      : NGC
Optimization Goal                  : Speed
Keep Hierarchy                     : Yes
Target Technology                  : CoolRunner2 CPLDs
Macro Preserve                     : YES
XOR Preserve                       : YES
Clock Enable                       : YES
wysiwyg                            : NO

Design Statistics
# IOs                              : 22

Cell Usage :
# BELS                             : 117
#      AND2                        : 40
#      AND3                        : 5
#      AND4                        : 4
#      GND                         : 4
#      INV                         : 44
#      OR2                         : 8
#      XOR2                        : 12
# FlipFlops/Latches                : 21
#      FD                          : 5
#      FDCE                        : 16
# IO Buffers                       : 22
#      IBUF                        : 4
#      OBUF                        : 18
=========================================================================


Total REAL time to Xst completion: 4.00 secs
Total CPU time to Xst completion: 4.85 secs
 
--> 

Total memory usage is 4458716 kilobytes

Number of errors   :    0 (   0 filtered)
Number of warnings :    0 (   0 filtered)
Number of infos    :    0 (   0 filtered)

